[2022-03-20 15:01:16] Executing startup tasks
[2022-03-20 15:01:16] Java(TM) SE Runtime Environment 11.0.11+9-LTS-194
[2022-03-20 15:01:16] Product self.product.version
[2022-03-20 15:01:16] Workspace /home/arsene/Project/school-projects/mdeforge/advanced-query-mechanisms/runtime-New_configuration
[2022-03-20 15:01:16] Bundle org.eclipse.oomph.setup 1.19.0.v20210412-0821, build=5098, branch=e6921d40c03b97da4a9745c21aebe11452d2b86f
[2022-03-20 15:01:16] Bundle org.eclipse.oomph.setup.core 1.20.0.v20210411-0650, build=5098, branch=e6921d40c03b97da4a9745c21aebe11452d2b86f
[2022-03-20 15:01:16] Bundle org.eclipse.oomph.setup.p2 1.16.0.v20200814-1205, build=4919, branch=f78238ba11ce04fb6bb89f0cb98f4dd759377d1d
[2022-03-20 15:01:16] Performing Preference /instance/org.eclipse.ant.ui/org.eclipse.ant.ui.commentsColor = 128,0,0
[2022-03-20 15:01:16] Performing Preference /instance/org.eclipse.ant.ui/org.eclipse.ant.ui.constantStringsColor = 0,128,0
[2022-03-20 15:01:16] Performing Preference /instance/org.eclipse.ant.ui/org.eclipse.ant.ui.debugColor = 0,0,0
[2022-03-20 15:01:16] Performing Preference /instance/org.eclipse.ant.ui/org.eclipse.ant.ui.dtdColor = 128,0,0
[2022-03-20 15:01:16] Performing Preference /instance/org.eclipse.ant.ui/org.eclipse.ant.ui.errorColor = 255,0,0
[2022-03-20 15:01:16] Performing Preference /instance/org.eclipse.ant.ui/org.eclipse.ant.ui.informationColor = 0,0,255
[2022-03-20 15:01:16] Performing Preference /instance/org.eclipse.ant.ui/org.eclipse.ant.ui.processingInstructionsColor = 128,128,128
[2022-03-20 15:01:16] Performing Preference /instance/org.eclipse.ant.ui/org.eclipse.ant.ui.tagsColor = 0,0,128
[2022-03-20 15:01:16] Performing Preference /instance/org.eclipse.ant.ui/org.eclipse.ant.ui.textColor = 0,0,0
[2022-03-20 15:01:16] Performing Preference /instance/org.eclipse.debug.ui/Console.highWaterMark = 88000
[2022-03-20 15:01:16] Performing Preference /instance/org.eclipse.debug.ui/org.eclipse.debug.ui.changedDebugElement = 255,0,0
[2022-03-20 15:01:16] Performing Preference /instance/org.eclipse.debug.ui/org.eclipse.debug.ui.consoleBackground = 255,255,255
[2022-03-20 15:01:16] Performing Preference /instance/org.eclipse.debug.ui/org.eclipse.debug.ui.errorColor = 255,0,0
[2022-03-20 15:01:16] Performing Preference /instance/org.eclipse.debug.ui/org.eclipse.debug.ui.inColor = 0,200,125
[2022-03-20 15:01:16] Performing Preference /instance/org.eclipse.debug.ui/org.eclipse.debug.ui.MemoryHistoryKnownColor = 0,0,0
[2022-03-20 15:01:16] Performing Preference /instance/org.eclipse.debug.ui/org.eclipse.debug.ui.MemoryHistoryUnknownColor = 114,119,129
[2022-03-20 15:01:16] Performing Preference /instance/org.eclipse.debug.ui/org.eclipse.debug.ui.outColor = 0,0,0
[2022-03-20 15:01:16] Performing Preference /instance/org.eclipse.debug.ui/org.eclipse.debug.ui.PREF_CHANGED_VALUE_BACKGROUND = 255,255,0
[2022-03-20 15:01:16] Performing Preference /instance/org.eclipse.e4.ui.css.swt.theme/themeid = org.eclipse.e4.ui.css.theme.e4_default
[2022-03-20 15:01:16] Performing Preference /instance/org.eclipse.e4.ui.workbench.renderers.swt/enableMRU = true
[2022-03-20 15:01:16] Performing Preference /instance/org.eclipse.e4.ui.workbench.renderers.swt/themeEnabled = true
[2022-03-20 15:01:16] Performing Preference /instance/org.eclipse.e4.ui.workbench.renderers.swt/USE_ROUND_TABS = false
[2022-03-20 15:01:16] Performing Preference /instance/org.eclipse.jdt.ui/org.eclipse.jdt.ui.text.custom_templates = <?xml version="1.0" encoding="UTF-8" standalone="no"?><templates/>
[2022-03-20 15:01:16] Performing Preference /instance/org.eclipse.jdt.ui/pf_coloring_argument = 223,74,22
[2022-03-20 15:01:16] Performing Preference /instance/org.eclipse.jdt.ui/pf_coloring_assignment = 255,255,255
[2022-03-20 15:01:16] Performing Preference /instance/org.eclipse.jdt.ui/pf_coloring_comment = 223,74,22
[2022-03-20 15:01:16] Performing Preference /instance/org.eclipse.jdt.ui/pf_coloring_key = 255,255,255
[2022-03-20 15:01:16] Performing Preference /instance/org.eclipse.jdt.ui/pf_coloring_value = 255,255,255
[2022-03-20 15:01:16] Performing Preference /instance/org.eclipse.pde.ui/editor.color.default = 0,0,0
[2022-03-20 15:01:16] Performing Preference /instance/org.eclipse.pde.ui/editor.color.externalized_string = 128,0,128
[2022-03-20 15:01:16] Performing Preference /instance/org.eclipse.pde.ui/editor.color.header_assignment = 0,0,0
[2022-03-20 15:01:16] Performing Preference /instance/org.eclipse.pde.ui/editor.color.header_attributes = 128,128,0
[2022-03-20 15:01:16] Performing Preference /instance/org.eclipse.pde.ui/editor.color.header_key = 128,0,0
[2022-03-20 15:01:16] Performing Preference /instance/org.eclipse.pde.ui/editor.color.header_osgi = 128,0,0
[2022-03-20 15:01:16] Performing Preference /instance/org.eclipse.pde.ui/editor.color.header_value = 0,0,0
[2022-03-20 15:01:16] Performing Preference /instance/org.eclipse.pde.ui/editor.color.instr = 128,128,128
[2022-03-20 15:01:16] Performing Preference /instance/org.eclipse.pde.ui/editor.color.string = 0,128,0
[2022-03-20 15:01:16] Performing Preference /instance/org.eclipse.pde.ui/editor.color.tag = 0,0,128
[2022-03-20 15:01:16] Performing Preference /instance/org.eclipse.pde.ui/editor.color.xml_comment = 128,0,0
[2022-03-20 15:01:16] Performing Preference /instance/org.eclipse.ui/CURRENT_THEME_ID = org.eclipse.ui.r30
[2022-03-20 15:01:17] Performing Preference /instance/org.eclipse.ui.editors/AbstractTextEditor.Color.Background = 255,255,255
[2022-03-20 15:01:17] Performing Preference /instance/org.eclipse.ui.editors/AbstractTextEditor.Color.Background.SystemDefault = true
[2022-03-20 15:01:17] Performing Preference /instance/org.eclipse.ui.editors/AbstractTextEditor.Color.FindScope = 185,176,180
[2022-03-20 15:01:17] Performing Preference /instance/org.eclipse.ui.editors/AbstractTextEditor.Color.Foreground = 0,0,0
[2022-03-20 15:01:17] Performing Preference /instance/org.eclipse.ui.editors/AbstractTextEditor.Color.Foreground.SystemDefault = true
[2022-03-20 15:01:17] Performing Preference /instance/org.eclipse.ui.editors/AbstractTextEditor.Color.SelectionBackground.SystemDefault = true
[2022-03-20 15:01:17] Performing Preference /instance/org.eclipse.ui.editors/AbstractTextEditor.Color.SelectionForeground.SystemDefault = true
[2022-03-20 15:01:17] Performing Preference /instance/org.eclipse.ui.editors/breakpointIndicationColor = 0,0,255
[2022-03-20 15:01:17] Performing Preference /instance/org.eclipse.ui.editors/currentIPColor = 198,219,174
[2022-03-20 15:01:17] Performing Preference /instance/org.eclipse.ui.editors/currentLineColor = 232,242,254
[2022-03-20 15:01:17] Performing Preference /instance/org.eclipse.ui.editors/deletionIndicationColor = 0,0,0
[2022-03-20 15:01:17] Performing Preference /instance/org.eclipse.ui.editors/filteredSearchResultIndicationColor = 237,237,252
[2022-03-20 15:01:17] Performing Preference /instance/org.eclipse.ui.editors/hyperlinkColor = 0,122,166
[2022-03-20 15:01:17] Performing Preference /instance/org.eclipse.ui.editors/hyperlinkColor.SystemDefault = true
[2022-03-20 15:01:17] Performing Preference /instance/org.eclipse.ui.editors/infoIndicationColor = 130,160,190
[2022-03-20 15:01:17] Performing Preference /instance/org.eclipse.ui.editors/lineNumberColor = 120,120,120
[2022-03-20 15:01:17] Performing Preference /instance/org.eclipse.ui.editors/linked.slave.color = 180,215,255
[2022-03-20 15:01:17] Performing Preference /instance/org.eclipse.ui.editors/LSP4EReadOccurrenceIndicationColor = 212,212,212
[2022-03-20 15:01:17] Performing Preference /instance/org.eclipse.ui.editors/LSP4ETextOccurrenceIndicationColor = 212,212,212
[2022-03-20 15:01:17] Performing Preference /instance/org.eclipse.ui.editors/LSP4EWriteOccurrenceIndicationColor = 240,216,168
[2022-03-20 15:01:17] Performing Preference /instance/org.eclipse.ui.editors/matchingTagIndicationColor = 212,212,212
[2022-03-20 15:01:17] Performing Preference /instance/org.eclipse.ui.editors/occurrenceIndicationColor = 212,212,212
[2022-03-20 15:01:17] Performing Preference /instance/org.eclipse.ui.editors/overrideIndicatorColor = 180,207,205
[2022-03-20 15:01:17] Performing Preference /instance/org.eclipse.ui.editors/printMarginColor = 176,180,185
[2022-03-20 15:01:17] Performing Preference /instance/org.eclipse.ui.editors/searchResultHighlighting = true
[2022-03-20 15:01:17] Performing Preference /instance/org.eclipse.ui.editors/searchResultIndication = false
[2022-03-20 15:01:17] Performing Preference /instance/org.eclipse.ui.editors/searchResultIndicationColor = 206,204,247
[2022-03-20 15:01:17] Performing Preference /instance/org.eclipse.ui.editors/searchResultTextStyle = NONE
[2022-03-20 15:01:17] Performing Preference /instance/org.eclipse.ui.editors/secondaryIPColor = 219,235,204
[2022-03-20 15:01:17] Performing Preference /instance/org.eclipse.ui.editors/spellingIndicationColor = 255,128,64
[2022-03-20 15:01:17] Performing Preference /instance/org.eclipse.ui.editors/TextOccurrenceIndicationColor = 212,212,212
[2022-03-20 15:01:17] Performing Preference /instance/org.eclipse.ui.editors/writeOccurrenceIndicationColor = 240,216,168
[2022-03-20 15:01:17] Performing Preference /instance/org.eclipse.ui.genericeditor/matchingBracketsColor = 127,0,85
[2022-03-20 15:01:17] Performing Preference /instance/org.eclipse.ui.workbench/ENABLED_DECORATORS = org.eclipse.m2e.core.mavenVersionDecorator:false,org.eclipse.ui.LinkedResourceDecorator:true,org.eclipse.ui.SymlinkDecorator:true,org.eclipse.ui.VirtualResourceDecorator:true,org.eclipse.ui.ContentTypeDecorator:true,org.eclipse.ui.ResourceFilterDecorator:false,org.eclipse.debug.ui.prototype.decorator:true,org.eclipse.m2e.core.maven2decorator:true,org.eclipse.jdt.ui.override.decorator:true,org.eclipse.jdt.ui.interface.decorator:true,org.eclipse.jdt.ui.buildpath.decorator:true,org.eclipse.jdt.internal.ui.without.test.code.decorator:true,org.eclipse.buildship.ui.gradledecorator:true,org.eclipse.egit.ui.internal.decorators.GitLightweightDecorator:true,org.eclipse.egit.ui.internal.repository.RepositoryTreeNodeDecorator:true,org.eclipse.pde.ui.binaryProjectDecorator:false,org.springframework.ide.eclipse.boot.ui.DevtoolsProjectDecorator:true,
[2022-03-20 15:01:17] Performing Preference /instance/org.eclipse.ui.workbench/org.eclipse.e4.ui.css.theme.e4_default.org.eclipse.ui.r30.org.eclipse.ui.workbench.ACTIVE_NOFOCUS_TAB_BG_END = 255,255,255
[2022-03-20 15:01:17] Performing Preference /instance/org.eclipse.ui.workbench/org.eclipse.e4.ui.css.theme.e4_default.org.eclipse.ui.r30.org.eclipse.ui.workbench.ACTIVE_NOFOCUS_TAB_BG_START = 255,255,255
[2022-03-20 15:01:17] Performing Preference /instance/org.eclipse.ui.workbench/org.eclipse.e4.ui.css.theme.e4_default.org.eclipse.ui.r30.org.eclipse.ui.workbench.ACTIVE_NOFOCUS_TAB_TEXT_COLOR = 16,16,16
[2022-03-20 15:01:17] Performing Preference /instance/org.eclipse.ui.workbench/org.eclipse.e4.ui.css.theme.e4_default.org.eclipse.ui.r30.org.eclipse.ui.workbench.ACTIVE_TAB_BG_END = 255,255,255
[2022-03-20 15:01:17] Performing Preference /instance/org.eclipse.ui.workbench/org.eclipse.e4.ui.css.theme.e4_default.org.eclipse.ui.r30.org.eclipse.ui.workbench.ACTIVE_TAB_BG_START = 255,255,255
[2022-03-20 15:01:17] Performing Preference /instance/org.eclipse.ui.workbench/org.eclipse.e4.ui.css.theme.e4_default.org.eclipse.ui.r30.org.eclipse.ui.workbench.ACTIVE_TAB_INNER_KEYLINE_COLOR = 205,199,194
[2022-03-20 15:01:17] Performing Preference /instance/org.eclipse.ui.workbench/org.eclipse.e4.ui.css.theme.e4_default.org.eclipse.ui.r30.org.eclipse.ui.workbench.ACTIVE_TAB_OUTER_KEYLINE_COLOR = 205,199,194
[2022-03-20 15:01:17] Performing Preference /instance/org.eclipse.ui.workbench/org.eclipse.e4.ui.css.theme.e4_default.org.eclipse.ui.r30.org.eclipse.ui.workbench.ACTIVE_TAB_OUTLINE_COLOR = 205,199,194
[2022-03-20 15:01:17] Performing Preference /instance/org.eclipse.ui.workbench/org.eclipse.e4.ui.css.theme.e4_default.org.eclipse.ui.r30.org.eclipse.ui.workbench.ACTIVE_UNSELECTED_TABS_COLOR_END = 225,222,219
[2022-03-20 15:01:17] Performing Preference /instance/org.eclipse.ui.workbench/org.eclipse.e4.ui.css.theme.e4_default.org.eclipse.ui.r30.org.eclipse.ui.workbench.ACTIVE_UNSELECTED_TABS_COLOR_START = 225,222,219
[2022-03-20 15:01:17] Performing Preference /instance/org.eclipse.ui.workbench/org.eclipse.e4.ui.css.theme.e4_default.org.eclipse.ui.r30.org.eclipse.ui.workbench.INACTIVE_TAB_BG_END = 246,245,244
[2022-03-20 15:01:17] Performing Preference /instance/org.eclipse.ui.workbench/org.eclipse.e4.ui.css.theme.e4_default.org.eclipse.ui.r30.org.eclipse.ui.workbench.INACTIVE_TAB_BG_START = 246,245,244
[2022-03-20 15:01:17] Performing Preference /instance/org.eclipse.ui.workbench/org.eclipse.e4.ui.css.theme.e4_default.org.eclipse.ui.r30.org.eclipse.ui.workbench.INACTIVE_TAB_INNER_KEYLINE_COLOR = 213,208,204
[2022-03-20 15:01:17] Performing Preference /instance/org.eclipse.ui.workbench/org.eclipse.e4.ui.css.theme.e4_default.org.eclipse.ui.r30.org.eclipse.ui.workbench.INACTIVE_TAB_OUTER_KEYLINE_COLOR = 213,208,204
[2022-03-20 15:01:17] Performing Preference /instance/org.eclipse.ui.workbench/org.eclipse.e4.ui.css.theme.e4_default.org.eclipse.ui.r30.org.eclipse.ui.workbench.INACTIVE_TAB_OUTLINE_COLOR = 213,208,204
[2022-03-20 15:01:17] Performing Preference /instance/org.eclipse.ui.workbench/org.eclipse.e4.ui.css.theme.e4_default.org.eclipse.ui.r30.org.eclipse.ui.workbench.INACTIVE_TAB_TEXT_COLOR = 61,61,61
[2022-03-20 15:01:17] Performing Preference /instance/org.eclipse.ui.workbench/org.eclipse.e4.ui.css.theme.e4_default.org.eclipse.ui.r30.org.eclipse.ui.workbench.INACTIVE_UNSELECTED_TABS_COLOR_END = 234,232,230
[2022-03-20 15:01:17] Performing Preference /instance/org.eclipse.ui.workbench/org.eclipse.e4.ui.css.theme.e4_default.org.eclipse.ui.r30.org.eclipse.ui.workbench.INACTIVE_UNSELECTED_TABS_COLOR_START = 234,232,230
[2022-03-20 15:01:17] Performing Preference /instance/org.eclipse.ui.workbench/org.eclipse.ui.commands = <?xml version="1.0" encoding="UTF-8"?>...
[2022-03-20 15:01:17] <?xml version="1.0" encoding="UTF-8"?>
<org.eclipse.ui.commands/>
[2022-03-20 15:01:17] Performing Preference /instance/org.eclipse.ui.workbench/org.eclipse.ui.ide.systemDefault.org.eclipse.jdt.ui.ColoredLabels.match_highlight = 206,204,247
[2022-03-20 15:01:17] Performing Preference /instance/org.eclipse.ui.workbench/org.eclipse.ui.ide.systemDefault.org.eclipse.jdt.ui.Javadoc.backgroundColor = 255,255,255
[2022-03-20 15:01:17] Performing Preference /instance/org.eclipse.ui.workbench/org.eclipse.ui.ide.systemDefault.org.eclipse.ui.workbench.ACTIVE_NOFOCUS_TAB_BG_END = 255,255,255
[2022-03-20 15:01:17] Performing Preference /instance/org.eclipse.ui.workbench/org.eclipse.ui.ide.systemDefault.org.eclipse.ui.workbench.ACTIVE_NOFOCUS_TAB_BG_START = 255,255,255
[2022-03-20 15:01:17] Performing Preference /instance/org.eclipse.ui.workbench/org.eclipse.ui.ide.systemDefault.org.eclipse.ui.workbench.ACTIVE_NOFOCUS_TAB_SELECTED_TEXT_COLOR = 0,1,2
[2022-03-20 15:01:17] Performing Preference /instance/org.eclipse.ui.workbench/org.eclipse.ui.ide.systemDefault.org.eclipse.ui.workbench.ACTIVE_NOFOCUS_TAB_TEXT_COLOR = 16,16,16
[2022-03-20 15:01:17] Performing Preference /instance/org.eclipse.ui.workbench/org.eclipse.ui.ide.systemDefault.org.eclipse.ui.workbench.ACTIVE_TAB_BG_END = 255,255,255
[2022-03-20 15:01:17] Performing Preference /instance/org.eclipse.ui.workbench/org.eclipse.ui.ide.systemDefault.org.eclipse.ui.workbench.ACTIVE_TAB_BG_START = 255,255,255
[2022-03-20 15:01:17] Performing Preference /instance/org.eclipse.ui.workbench/org.eclipse.ui.ide.systemDefault.org.eclipse.ui.workbench.ACTIVE_TAB_INNER_KEYLINE_COLOR = 205,199,194
[2022-03-20 15:01:17] Performing Preference /instance/org.eclipse.ui.workbench/org.eclipse.ui.ide.systemDefault.org.eclipse.ui.workbench.ACTIVE_TAB_OUTER_KEYLINE_COLOR = 205,199,194
[2022-03-20 15:01:17] Performing Preference /instance/org.eclipse.ui.workbench/org.eclipse.ui.ide.systemDefault.org.eclipse.ui.workbench.ACTIVE_TAB_OUTLINE_COLOR = 205,199,194
[2022-03-20 15:01:17] Performing Preference /instance/org.eclipse.ui.workbench/org.eclipse.ui.ide.systemDefault.org.eclipse.ui.workbench.ACTIVE_TAB_SELECTED_TEXT_COLOR = 0,1,2
[2022-03-20 15:01:17] Performing Preference /instance/org.eclipse.ui.workbench/org.eclipse.ui.ide.systemDefault.org.eclipse.ui.workbench.ACTIVE_TAB_TEXT_COLOR = 0,0,0
[2022-03-20 15:01:17] Performing Preference /instance/org.eclipse.ui.workbench/org.eclipse.ui.ide.systemDefault.org.eclipse.ui.workbench.ACTIVE_TAB_UNSELECTED_TEXT_COLOR = 0,1,2
[2022-03-20 15:01:17] Performing Preference /instance/org.eclipse.ui.workbench/org.eclipse.ui.ide.systemDefault.org.eclipse.ui.workbench.ACTIVE_UNSELECTED_TABS_COLOR_END = 225,222,219
[2022-03-20 15:01:17] Performing Preference /instance/org.eclipse.ui.workbench/org.eclipse.ui.ide.systemDefault.org.eclipse.ui.workbench.ACTIVE_UNSELECTED_TABS_COLOR_START = 225,222,219
[2022-03-20 15:01:17] Performing Preference /instance/org.eclipse.ui.workbench/org.eclipse.ui.ide.systemDefault.org.eclipse.ui.workbench.DARK_BACKGROUND = 0,1,2
[2022-03-20 15:01:17] Performing Preference /instance/org.eclipse.ui.workbench/org.eclipse.ui.ide.systemDefault.org.eclipse.ui.workbench.DARK_FOREGROUND = 0,1,2
[2022-03-20 15:01:17] Performing Preference /instance/org.eclipse.ui.workbench/org.eclipse.ui.ide.systemDefault.org.eclipse.ui.workbench.INACTIVE_TAB_BG_END = 246,245,244
[2022-03-20 15:01:17] Performing Preference /instance/org.eclipse.ui.workbench/org.eclipse.ui.ide.systemDefault.org.eclipse.ui.workbench.INACTIVE_TAB_BG_START = 246,245,244
[2022-03-20 15:01:17] Performing Preference /instance/org.eclipse.ui.workbench/org.eclipse.ui.ide.systemDefault.org.eclipse.ui.workbench.INACTIVE_TAB_INNER_KEYLINE_COLOR = 213,208,204
[2022-03-20 15:01:17] Performing Preference /instance/org.eclipse.ui.workbench/org.eclipse.ui.ide.systemDefault.org.eclipse.ui.workbench.INACTIVE_TAB_OUTER_KEYLINE_COLOR = 213,208,204
[2022-03-20 15:01:17] Performing Preference /instance/org.eclipse.ui.workbench/org.eclipse.ui.ide.systemDefault.org.eclipse.ui.workbench.INACTIVE_TAB_OUTLINE_COLOR = 213,208,204
[2022-03-20 15:01:17] Performing Preference /instance/org.eclipse.ui.workbench/org.eclipse.ui.ide.systemDefault.org.eclipse.ui.workbench.INACTIVE_TAB_SELECTED_TEXT_COLOR = 0,1,2
[2022-03-20 15:01:17] Performing Preference /instance/org.eclipse.ui.workbench/org.eclipse.ui.ide.systemDefault.org.eclipse.ui.workbench.INACTIVE_TAB_TEXT_COLOR = 61,61,61
[2022-03-20 15:01:17] Performing Preference /instance/org.eclipse.ui.workbench/org.eclipse.ui.ide.systemDefault.org.eclipse.ui.workbench.INACTIVE_TAB_UNSELECTED_TEXT_COLOR = 0,1,2
[2022-03-20 15:01:17] Performing Preference /instance/org.eclipse.ui.workbench/org.eclipse.ui.ide.systemDefault.org.eclipse.ui.workbench.INACTIVE_UNSELECTED_TABS_COLOR_END = 234,232,230
[2022-03-20 15:01:17] Performing Preference /instance/org.eclipse.ui.workbench/org.eclipse.ui.ide.systemDefault.org.eclipse.ui.workbench.INACTIVE_UNSELECTED_TABS_COLOR_START = 234,232,230
[2022-03-20 15:01:17] Performing Preference /instance/org.eclipse.ui.workbench/org.eclipse.ui.ide.systemDefault.org.eclipse.ui.workbench.LINK_COLOR = 0,1,2
[2022-03-20 15:01:17] Performing Preference /instance/org.eclipse.ui.workbench/org.eclipse.ui.r30.org.eclipse.ui.workbench.ACTIVE_NOFOCUS_TAB_BG_END = 255,255,255
[2022-03-20 15:01:17] Performing Preference /instance/org.eclipse.ui.workbench/org.eclipse.ui.r30.org.eclipse.ui.workbench.ACTIVE_NOFOCUS_TAB_BG_START = 255,255,255
[2022-03-20 15:01:17] Performing Preference /instance/org.eclipse.ui.workbench/org.eclipse.ui.r30.org.eclipse.ui.workbench.ACTIVE_NOFOCUS_TAB_TEXT_COLOR = 16,16,16
[2022-03-20 15:01:17] Performing Preference /instance/org.eclipse.ui.workbench/org.eclipse.ui.r30.org.eclipse.ui.workbench.ACTIVE_TAB_BG_END = 255,255,255
[2022-03-20 15:01:17] Performing Preference /instance/org.eclipse.ui.workbench/org.eclipse.ui.r30.org.eclipse.ui.workbench.ACTIVE_TAB_BG_START = 255,255,255
[2022-03-20 15:01:17] Performing Preference /instance/org.eclipse.ui.workbench/org.eclipse.ui.r30.org.eclipse.ui.workbench.ACTIVE_TAB_INNER_KEYLINE_COLOR = 205,199,194
[2022-03-20 15:01:17] Performing Preference /instance/org.eclipse.ui.workbench/org.eclipse.ui.r30.org.eclipse.ui.workbench.ACTIVE_TAB_OUTER_KEYLINE_COLOR = 205,199,194
[2022-03-20 15:01:17] Performing Preference /instance/org.eclipse.ui.workbench/org.eclipse.ui.r30.org.eclipse.ui.workbench.ACTIVE_TAB_OUTLINE_COLOR = 205,199,194
[2022-03-20 15:01:17] Performing Preference /instance/org.eclipse.ui.workbench/org.eclipse.ui.r30.org.eclipse.ui.workbench.ACTIVE_UNSELECTED_TABS_COLOR_END = 225,222,219
[2022-03-20 15:01:17] Performing Preference /instance/org.eclipse.ui.workbench/org.eclipse.ui.r30.org.eclipse.ui.workbench.ACTIVE_UNSELECTED_TABS_COLOR_START = 225,222,219
[2022-03-20 15:01:17] Performing Preference /instance/org.eclipse.ui.workbench/org.eclipse.ui.r30.org.eclipse.ui.workbench.INACTIVE_TAB_BG_END = 246,245,244
[2022-03-20 15:01:17] Performing Preference /instance/org.eclipse.ui.workbench/org.eclipse.ui.r30.org.eclipse.ui.workbench.INACTIVE_TAB_BG_START = 246,245,244
[2022-03-20 15:01:17] Performing Preference /instance/org.eclipse.ui.workbench/org.eclipse.ui.r30.org.eclipse.ui.workbench.INACTIVE_TAB_INNER_KEYLINE_COLOR = 213,208,204
[2022-03-20 15:01:17] Performing Preference /instance/org.eclipse.ui.workbench/org.eclipse.ui.r30.org.eclipse.ui.workbench.INACTIVE_TAB_OUTER_KEYLINE_COLOR = 213,208,204
[2022-03-20 15:01:17] Performing Preference /instance/org.eclipse.ui.workbench/org.eclipse.ui.r30.org.eclipse.ui.workbench.INACTIVE_TAB_OUTLINE_COLOR = 213,208,204
[2022-03-20 15:01:17] Performing Preference /instance/org.eclipse.ui.workbench/org.eclipse.ui.r30.org.eclipse.ui.workbench.INACTIVE_UNSELECTED_TABS_COLOR_END = 234,232,230
[2022-03-20 15:01:17] Performing Preference /instance/org.eclipse.ui.workbench/org.eclipse.ui.r30.org.eclipse.ui.workbench.INACTIVE_UNSELECTED_TABS_COLOR_START = 234,232,230
[2022-03-20 15:01:17] Performing Preference /instance/org.eclipse.ui.workbench/org.eclipse.ui.workbench.ACTIVE_TAB_TEXT_COLOR = 221,221,221
[2022-03-20 15:01:17] Performing Preference /instance/org.eclipse.wst.sse.ui/hoverModifiers = combinationHover|true|0;problemHover|false|0;documentationHover|false|0;annotationHover|true|Shift;
[2022-03-20 15:01:17] 
